[0513/170803.536:WARNING:archive.cc(145)] Opening \\?\c:\Users\luo744557\node_modules\babel-preset-C:\Program Files\小程序开发者工具\resources\app\vol_modules.asar: FILE_ERROR_FAILED
[0513/170803.537:WARNING:archive.cc(145)] Opening \\?\c:\Users\luo744557\node_modules\babel-preset-C:\Program Files\小程序开发者工具\resources\app\vol_modules.asar: FILE_ERROR_FAILED
[0513/170803.537:WARNING:archive.cc(145)] Opening \\?\c:\Users\luo744557\node_modules\babel-preset-C:\Program Files\小程序开发者工具\resources\app\vol_modules.asar: FILE_ERROR_FAILED
[0513/170803.537:WARNING:archive.cc(145)] Opening \\?\c:\Users\luo744557\node_modules\babel-preset-C:\Program Files\小程序开发者工具\resources\app\vol_modules.asar: FILE_ERROR_FAILED
[0513/170803.542:WARNING:archive.cc(145)] Opening \\?\C:\Program Files\小程序开发者工具\resources\app\globalUnpack\node_modules\babel-preset-C:\Program Files\小程序开发者工具\resources\app\vol_modules.asar: FILE_ERROR_FAILED
[0513/170803.542:WARNING:archive.cc(145)] Opening \\?\C:\Program Files\小程序开发者工具\resources\app\globalUnpack\node_modules\babel-preset-C:\Program Files\小程序开发者工具\resources\app\vol_modules.asar: FILE_ERROR_FAILED
[0513/170803.542:WARNING:archive.cc(145)] Opening \\?\C:\Program Files\小程序开发者工具\resources\app\globalUnpack\node_modules\babel-preset-C:\Program Files\小程序开发者工具\resources\app\vol_modules.asar: FILE_ERROR_FAILED
[0513/170803.542:WARNING:archive.cc(145)] Opening \\?\C:\Program Files\小程序开发者工具\resources\app\globalUnpack\node_modules\babel-preset-C:\Program Files\小程序开发者工具\resources\app\vol_modules.asar: FILE_ERROR_FAILED
[0513/170803.542:WARNING:archive.cc(145)] Opening \\?\C:\Program Files\小程序开发者工具\resources\app\vol_modules.asar\node_modules\babel-preset-C:\Program Files\小程序开发者工具\resources\app\vol_modules.asar: FILE_ERROR_FAILED
[0513/170803.543:WARNING:archive.cc(145)] Opening \\?\C:\Program Files\小程序开发者工具\resources\app\vol_modules.asar\node_modules\babel-preset-C:\Program Files\小程序开发者工具\resources\app\vol_modules.asar: FILE_ERROR_FAILED
[0513/170803.543:WARNING:archive.cc(145)] Opening \\?\C:\Program Files\小程序开发者工具\resources\app\vol_modules.asar\node_modules\babel-preset-C:\Program Files\小程序开发者工具\resources\app\vol_modules.asar: FILE_ERROR_FAILED
[0513/170803.543:WARNING:archive.cc(145)] Opening \\?\C:\Program Files\小程序开发者工具\resources\app\vol_modules.asar\node_modules\babel-preset-C:\Program Files\小程序开发者工具\resources\app\vol_modules.asar: FILE_ERROR_FAILED
[0513/170803.550:WARNING:archive.cc(145)] Opening \\?\C:\Program Files\小程序开发者工具\resources\app\vol_modules.asar\node_modules\@alipay\tiny-cli\node_modules\babel-plugin-C:\Program Files\小程序开发者工具\resources\app\vol_modules.asar: FILE_ERROR_FAILED
[0513/170803.550:WARNING:archive.cc(145)] Opening \\?\C:\Program Files\小程序开发者工具\resources\app\vol_modules.asar\node_modules\@alipay\tiny-cli\node_modules\babel-plugin-C:\Program Files\小程序开发者工具\resources\app\vol_modules.asar: FILE_ERROR_FAILED
[0513/170803.550:WARNING:archive.cc(145)] Opening \\?\C:\Program Files\小程序开发者工具\resources\app\vol_modules.asar\node_modules\@alipay\tiny-cli\node_modules\babel-plugin-C:\Program Files\小程序开发者工具\resources\app\vol_modules.asar: FILE_ERROR_FAILED
[0513/170803.550:WARNING:archive.cc(145)] Opening \\?\C:\Program Files\小程序开发者工具\resources\app\vol_modules.asar\node_modules\@alipay\tiny-cli\node_modules\babel-plugin-C:\Program Files\小程序开发者工具\resources\app\vol_modules.asar: FILE_ERROR_FAILED
[0513/170803.550:WARNING:archive.cc(145)] Opening \\?\C:\Program Files\小程序开发者工具\resources\app\vol_modules.asar\node_modules\babel-plugin-C:\Program Files\小程序开发者工具\resources\app\vol_modules.asar: FILE_ERROR_FAILED
[0513/170803.550:WARNING:archive.cc(145)] Opening \\?\C:\Program Files\小程序开发者工具\resources\app\vol_modules.asar\node_modules\babel-plugin-C:\Program Files\小程序开发者工具\resources\app\vol_modules.asar: FILE_ERROR_FAILED
[0513/170803.551:WARNING:archive.cc(145)] Opening \\?\C:\Program Files\小程序开发者工具\resources\app\vol_modules.asar\node_modules\babel-plugin-C:\Program Files\小程序开发者工具\resources\app\vol_modules.asar: FILE_ERROR_FAILED
[0513/170803.551:WARNING:archive.cc(145)] Opening \\?\C:\Program Files\小程序开发者工具\resources\app\vol_modules.asar\node_modules\babel-plugin-C:\Program Files\小程序开发者工具\resources\app\vol_modules.asar: FILE_ERROR_FAILED
[0513/170803.551:WARNING:archive.cc(145)] Opening \\?\C:\Program Files\小程序开发者工具\resources\app\globalUnpack\node_modules\babel-plugin-C:\Program Files\小程序开发者工具\resources\app\vol_modules.asar: FILE_ERROR_FAILED
[0513/170803.551:WARNING:archive.cc(145)] Opening \\?\C:\Program Files\小程序开发者工具\resources\app\globalUnpack\node_modules\babel-plugin-C:\Program Files\小程序开发者工具\resources\app\vol_modules.asar: FILE_ERROR_FAILED
[0513/170803.551:WARNING:archive.cc(145)] Opening \\?\C:\Program Files\小程序开发者工具\resources\app\globalUnpack\node_modules\babel-plugin-C:\Program Files\小程序开发者工具\resources\app\vol_modules.asar: FILE_ERROR_FAILED
[0513/170803.551:WARNING:archive.cc(145)] Opening \\?\C:\Program Files\小程序开发者工具\resources\app\globalUnpack\node_modules\babel-plugin-C:\Program Files\小程序开发者工具\resources\app\vol_modules.asar: FILE_ERROR_FAILED
[0513/170803.551:WARNING:archive.cc(145)] Opening \\?\C:\Program Files\小程序开发者工具\resources\app\vol_modules.asar\node_modules\babel-plugin-C:\Program Files\小程序开发者工具\resources\app\vol_modules.asar: FILE_ERROR_FAILED
[0513/170803.551:WARNING:archive.cc(145)] Opening \\?\C:\Program Files\小程序开发者工具\resources\app\vol_modules.asar\node_modules\babel-plugin-C:\Program Files\小程序开发者工具\resources\app\vol_modules.asar: FILE_ERROR_FAILED
[0513/170803.551:WARNING:archive.cc(145)] Opening \\?\C:\Program Files\小程序开发者工具\resources\app\vol_modules.asar\node_modules\babel-plugin-C:\Program Files\小程序开发者工具\resources\app\vol_modules.asar: FILE_ERROR_FAILED
[0513/170803.551:WARNING:archive.cc(145)] Opening \\?\C:\Program Files\小程序开发者工具\resources\app\vol_modules.asar\node_modules\babel-plugin-C:\Program Files\小程序开发者工具\resources\app\vol_modules.asar: FILE_ERROR_FAILED
[0513/170803.553:WARNING:archive.cc(145)] Opening \\?\C:\Program Files\小程序开发者工具\resources\app\vol_modules.asar\node_modules\@alipay\tiny-cli\node_modules\babel-plugin-C:\Program Files\小程序开发者工具\resources\app\vol_modules.asar: FILE_ERROR_FAILED
[0513/170803.553:WARNING:archive.cc(145)] Opening \\?\C:\Program Files\小程序开发者工具\resources\app\vol_modules.asar\node_modules\@alipay\tiny-cli\node_modules\babel-plugin-C:\Program Files\小程序开发者工具\resources\app\vol_modules.asar: FILE_ERROR_FAILED
[0513/170803.553:WARNING:archive.cc(145)] Opening \\?\C:\Program Files\小程序开发者工具\resources\app\vol_modules.asar\node_modules\@alipay\tiny-cli\node_modules\babel-plugin-C:\Program Files\小程序开发者工具\resources\app\vol_modules.asar: FILE_ERROR_FAILED
[0513/170803.553:WARNING:archive.cc(145)] Opening \\?\C:\Program Files\小程序开发者工具\resources\app\vol_modules.asar\node_modules\@alipay\tiny-cli\node_modules\babel-plugin-C:\Program Files\小程序开发者工具\resources\app\vol_modules.asar: FILE_ERROR_FAILED
[0513/170803.553:WARNING:archive.cc(145)] Opening \\?\C:\Program Files\小程序开发者工具\resources\app\vol_modules.asar\node_modules\babel-plugin-C:\Program Files\小程序开发者工具\resources\app\vol_modules.asar: FILE_ERROR_FAILED
[0513/170803.553:WARNING:archive.cc(145)] Opening \\?\C:\Program Files\小程序开发者工具\resources\app\vol_modules.asar\node_modules\babel-plugin-C:\Program Files\小程序开发者工具\resources\app\vol_modules.asar: FILE_ERROR_FAILED
[0513/170803.553:WARNING:archive.cc(145)] Opening \\?\C:\Program Files\小程序开发者工具\resources\app\vol_modules.asar\node_modules\babel-plugin-C:\Program Files\小程序开发者工具\resources\app\vol_modules.asar: FILE_ERROR_FAILED
[0513/170803.553:WARNING:archive.cc(145)] Opening \\?\C:\Program Files\小程序开发者工具\resources\app\vol_modules.asar\node_modules\babel-plugin-C:\Program Files\小程序开发者工具\resources\app\vol_modules.asar: FILE_ERROR_FAILED
[0513/170803.553:WARNING:archive.cc(145)] Opening \\?\C:\Program Files\小程序开发者工具\resources\app\globalUnpack\node_modules\babel-plugin-C:\Program Files\小程序开发者工具\resources\app\vol_modules.asar: FILE_ERROR_FAILED
[0513/170803.553:WARNING:archive.cc(145)] Opening \\?\C:\Program Files\小程序开发者工具\resources\app\globalUnpack\node_modules\babel-plugin-C:\Program Files\小程序开发者工具\resources\app\vol_modules.asar: FILE_ERROR_FAILED
[0513/170803.553:WARNING:archive.cc(145)] Opening \\?\C:\Program Files\小程序开发者工具\resources\app\globalUnpack\node_modules\babel-plugin-C:\Program Files\小程序开发者工具\resources\app\vol_modules.asar: FILE_ERROR_FAILED
[0513/170803.553:WARNING:archive.cc(145)] Opening \\?\C:\Program Files\小程序开发者工具\resources\app\globalUnpack\node_modules\babel-plugin-C:\Program Files\小程序开发者工具\resources\app\vol_modules.asar: FILE_ERROR_FAILED
[0513/170803.553:WARNING:archive.cc(145)] Opening \\?\C:\Program Files\小程序开发者工具\resources\app\vol_modules.asar\node_modules\babel-plugin-C:\Program Files\小程序开发者工具\resources\app\vol_modules.asar: FILE_ERROR_FAILED
[0513/170803.553:WARNING:archive.cc(145)] Opening \\?\C:\Program Files\小程序开发者工具\resources\app\vol_modules.asar\node_modules\babel-plugin-C:\Program Files\小程序开发者工具\resources\app\vol_modules.asar: FILE_ERROR_FAILED
[0513/170803.554:WARNING:archive.cc(145)] Opening \\?\C:\Program Files\小程序开发者工具\resources\app\vol_modules.asar\node_modules\babel-plugin-C:\Program Files\小程序开发者工具\resources\app\vol_modules.asar: FILE_ERROR_FAILED
[0513/170803.554:WARNING:archive.cc(145)] Opening \\?\C:\Program Files\小程序开发者工具\resources\app\vol_modules.asar\node_modules\babel-plugin-C:\Program Files\小程序开发者工具\resources\app\vol_modules.asar: FILE_ERROR_FAILED
[0513/170803.557:WARNING:archive.cc(145)] Opening \\?\C:\Program Files\小程序开发者工具\resources\app\vol_modules.asar\node_modules\@alipay\tiny-cli\node_modules\babel-plugin-C:\Program Files\小程序开发者工具\resources\app\vol_modules.asar: FILE_ERROR_FAILED
[0513/170803.557:WARNING:archive.cc(145)] Opening \\?\C:\Program Files\小程序开发者工具\resources\app\vol_modules.asar\node_modules\@alipay\tiny-cli\node_modules\babel-plugin-C:\Program Files\小程序开发者工具\resources\app\vol_modules.asar: FILE_ERROR_FAILED
[0513/170803.557:WARNING:archive.cc(145)] Opening \\?\C:\Program Files\小程序开发者工具\resources\app\vol_modules.asar\node_modules\@alipay\tiny-cli\node_modules\babel-plugin-C:\Program Files\小程序开发者工具\resources\app\vol_modules.asar: FILE_ERROR_FAILED
[0513/170803.557:WARNING:archive.cc(145)] Opening \\?\C:\Program Files\小程序开发者工具\resources\app\vol_modules.asar\node_modules\@alipay\tiny-cli\node_modules\babel-plugin-C:\Program Files\小程序开发者工具\resources\app\vol_modules.asar: FILE_ERROR_FAILED
[0513/170803.558:WARNING:archive.cc(145)] Opening \\?\C:\Program Files\小程序开发者工具\resources\app\vol_modules.asar\node_modules\babel-plugin-C:\Program Files\小程序开发者工具\resources\app\vol_modules.asar: FILE_ERROR_FAILED
[0513/170803.558:WARNING:archive.cc(145)] Opening \\?\C:\Program Files\小程序开发者工具\resources\app\vol_modules.asar\node_modules\babel-plugin-C:\Program Files\小程序开发者工具\resources\app\vol_modules.asar: FILE_ERROR_FAILED
[0513/170803.558:WARNING:archive.cc(145)] Opening \\?\C:\Program Files\小程序开发者工具\resources\app\vol_modules.asar\node_modules\babel-plugin-C:\Program Files\小程序开发者工具\resources\app\vol_modules.asar: FILE_ERROR_FAILED
[0513/170803.558:WARNING:archive.cc(145)] Opening \\?\C:\Program Files\小程序开发者工具\resources\app\vol_modules.asar\node_modules\babel-plugin-C:\Program Files\小程序开发者工具\resources\app\vol_modules.asar: FILE_ERROR_FAILED
[0513/170803.558:WARNING:archive.cc(145)] Opening \\?\C:\Program Files\小程序开发者工具\resources\app\globalUnpack\node_modules\babel-plugin-C:\Program Files\小程序开发者工具\resources\app\vol_modules.asar: FILE_ERROR_FAILED
[0513/170803.558:WARNING:archive.cc(145)] Opening \\?\C:\Program Files\小程序开发者工具\resources\app\globalUnpack\node_modules\babel-plugin-C:\Program Files\小程序开发者工具\resources\app\vol_modules.asar: FILE_ERROR_FAILED
[0513/170803.558:WARNING:archive.cc(145)] Opening \\?\C:\Program Files\小程序开发者工具\resources\app\globalUnpack\node_modules\babel-plugin-C:\Program Files\小程序开发者工具\resources\app\vol_modules.asar: FILE_ERROR_FAILED
[0513/170803.558:WARNING:archive.cc(145)] Opening \\?\C:\Program Files\小程序开发者工具\resources\app\globalUnpack\node_modules\babel-plugin-C:\Program Files\小程序开发者工具\resources\app\vol_modules.asar: FILE_ERROR_FAILED
[0513/170803.558:WARNING:archive.cc(145)] Opening \\?\C:\Program Files\小程序开发者工具\resources\app\vol_modules.asar\node_modules\babel-plugin-C:\Program Files\小程序开发者工具\resources\app\vol_modules.asar: FILE_ERROR_FAILED
[0513/170803.558:WARNING:archive.cc(145)] Opening \\?\C:\Program Files\小程序开发者工具\resources\app\vol_modules.asar\node_modules\babel-plugin-C:\Program Files\小程序开发者工具\resources\app\vol_modules.asar: FILE_ERROR_FAILED
[0513/170803.558:WARNING:archive.cc(145)] Opening \\?\C:\Program Files\小程序开发者工具\resources\app\vol_modules.asar\node_modules\babel-plugin-C:\Program Files\小程序开发者工具\resources\app\vol_modules.asar: FILE_ERROR_FAILED
[0513/170803.558:WARNING:archive.cc(145)] Opening \\?\C:\Program Files\小程序开发者工具\resources\app\vol_modules.asar\node_modules\babel-plugin-C:\Program Files\小程序开发者工具\resources\app\vol_modules.asar: FILE_ERROR_FAILED
[0513/170803.560:WARNING:archive.cc(145)] Opening \\?\C:\Program Files\小程序开发者工具\resources\app\vol_modules.asar\node_modules\@alipay\tiny-cli\node_modules\babel-plugin-C:\Program Files\小程序开发者工具\resources\app\vol_modules.asar: FILE_ERROR_FAILED
[0513/170803.560:WARNING:archive.cc(145)] Opening \\?\C:\Program Files\小程序开发者工具\resources\app\vol_modules.asar\node_modules\@alipay\tiny-cli\node_modules\babel-plugin-C:\Program Files\小程序开发者工具\resources\app\vol_modules.asar: FILE_ERROR_FAILED
[0513/170803.561:WARNING:archive.cc(145)] Opening \\?\C:\Program Files\小程序开发者工具\resources\app\vol_modules.asar\node_modules\@alipay\tiny-cli\node_modules\babel-plugin-C:\Program Files\小程序开发者工具\resources\app\vol_modules.asar: FILE_ERROR_FAILED
[0513/170803.561:WARNING:archive.cc(145)] Opening \\?\C:\Program Files\小程序开发者工具\resources\app\vol_modules.asar\node_modules\@alipay\tiny-cli\node_modules\babel-plugin-C:\Program Files\小程序开发者工具\resources\app\vol_modules.asar: FILE_ERROR_FAILED
[0513/170803.561:WARNING:archive.cc(145)] Opening \\?\C:\Program Files\小程序开发者工具\resources\app\vol_modules.asar\node_modules\babel-plugin-C:\Program Files\小程序开发者工具\resources\app\vol_modules.asar: FILE_ERROR_FAILED
[0513/170803.561:WARNING:archive.cc(145)] Opening \\?\C:\Program Files\小程序开发者工具\resources\app\vol_modules.asar\node_modules\babel-plugin-C:\Program Files\小程序开发者工具\resources\app\vol_modules.asar: FILE_ERROR_FAILED
[0513/170803.561:WARNING:archive.cc(145)] Opening \\?\C:\Program Files\小程序开发者工具\resources\app\vol_modules.asar\node_modules\babel-plugin-C:\Program Files\小程序开发者工具\resources\app\vol_modules.asar: FILE_ERROR_FAILED
[0513/170803.561:WARNING:archive.cc(145)] Opening \\?\C:\Program Files\小程序开发者工具\resources\app\vol_modules.asar\node_modules\babel-plugin-C:\Program Files\小程序开发者工具\resources\app\vol_modules.asar: FILE_ERROR_FAILED
[0513/170803.561:WARNING:archive.cc(145)] Opening \\?\C:\Program Files\小程序开发者工具\resources\app\globalUnpack\node_modules\babel-plugin-C:\Program Files\小程序开发者工具\resources\app\vol_modules.asar: FILE_ERROR_FAILED
[0513/170803.561:WARNING:archive.cc(145)] Opening \\?\C:\Program Files\小程序开发者工具\resources\app\globalUnpack\node_modules\babel-plugin-C:\Program Files\小程序开发者工具\resources\app\vol_modules.asar: FILE_ERROR_FAILED
[0513/170803.561:WARNING:archive.cc(145)] Opening \\?\C:\Program Files\小程序开发者工具\resources\app\globalUnpack\node_modules\babel-plugin-C:\Program Files\小程序开发者工具\resources\app\vol_modules.asar: FILE_ERROR_FAILED
[0513/170803.561:WARNING:archive.cc(145)] Opening \\?\C:\Program Files\小程序开发者工具\resources\app\globalUnpack\node_modules\babel-plugin-C:\Program Files\小程序开发者工具\resources\app\vol_modules.asar: FILE_ERROR_FAILED
[0513/170803.561:WARNING:archive.cc(145)] Opening \\?\C:\Program Files\小程序开发者工具\resources\app\vol_modules.asar\node_modules\babel-plugin-C:\Program Files\小程序开发者工具\resources\app\vol_modules.asar: FILE_ERROR_FAILED
[0513/170803.561:WARNING:archive.cc(145)] Opening \\?\C:\Program Files\小程序开发者工具\resources\app\vol_modules.asar\node_modules\babel-plugin-C:\Program Files\小程序开发者工具\resources\app\vol_modules.asar: FILE_ERROR_FAILED
[0513/170803.561:WARNING:archive.cc(145)] Opening \\?\C:\Program Files\小程序开发者工具\resources\app\vol_modules.asar\node_modules\babel-plugin-C:\Program Files\小程序开发者工具\resources\app\vol_modules.asar: FILE_ERROR_FAILED
[0513/170803.561:WARNING:archive.cc(145)] Opening \\?\C:\Program Files\小程序开发者工具\resources\app\vol_modules.asar\node_modules\babel-plugin-C:\Program Files\小程序开发者工具\resources\app\vol_modules.asar: FILE_ERROR_FAILED
[0513/170803.562:WARNING:archive.cc(145)] Opening \\?\C:\Program Files\小程序开发者工具\resources\app\vol_modules.asar\node_modules\@alipay\tiny-cli\node_modules\babel-plugin-C:\Program Files\小程序开发者工具\resources\app\vol_modules.asar: FILE_ERROR_FAILED
[0513/170803.562:WARNING:archive.cc(145)] Opening \\?\C:\Program Files\小程序开发者工具\resources\app\vol_modules.asar\node_modules\@alipay\tiny-cli\node_modules\babel-plugin-C:\Program Files\小程序开发者工具\resources\app\vol_modules.asar: FILE_ERROR_FAILED
[0513/170803.562:WARNING:archive.cc(145)] Opening \\?\C:\Program Files\小程序开发者工具\resources\app\vol_modules.asar\node_modules\@alipay\tiny-cli\node_modules\babel-plugin-C:\Program Files\小程序开发者工具\resources\app\vol_modules.asar: FILE_ERROR_FAILED
[0513/170803.562:WARNING:archive.cc(145)] Opening \\?\C:\Program Files\小程序开发者工具\resources\app\vol_modules.asar\node_modules\@alipay\tiny-cli\node_modules\babel-plugin-C:\Program Files\小程序开发者工具\resources\app\vol_modules.asar: FILE_ERROR_FAILED
[0513/170803.562:WARNING:archive.cc(145)] Opening \\?\C:\Program Files\小程序开发者工具\resources\app\vol_modules.asar\node_modules\babel-plugin-C:\Program Files\小程序开发者工具\resources\app\vol_modules.asar: FILE_ERROR_FAILED
[0513/170803.563:WARNING:archive.cc(145)] Opening \\?\C:\Program Files\小程序开发者工具\resources\app\vol_modules.asar\node_modules\babel-plugin-C:\Program Files\小程序开发者工具\resources\app\vol_modules.asar: FILE_ERROR_FAILED
[0513/170803.563:WARNING:archive.cc(145)] Opening \\?\C:\Program Files\小程序开发者工具\resources\app\vol_modules.asar\node_modules\babel-plugin-C:\Program Files\小程序开发者工具\resources\app\vol_modules.asar: FILE_ERROR_FAILED
[0513/170803.563:WARNING:archive.cc(145)] Opening \\?\C:\Program Files\小程序开发者工具\resources\app\vol_modules.asar\node_modules\babel-plugin-C:\Program Files\小程序开发者工具\resources\app\vol_modules.asar: FILE_ERROR_FAILED
[0513/170803.563:WARNING:archive.cc(145)] Opening \\?\C:\Program Files\小程序开发者工具\resources\app\globalUnpack\node_modules\babel-plugin-C:\Program Files\小程序开发者工具\resources\app\vol_modules.asar: FILE_ERROR_FAILED
[0513/170803.563:WARNING:archive.cc(145)] Opening \\?\C:\Program Files\小程序开发者工具\resources\app\globalUnpack\node_modules\babel-plugin-C:\Program Files\小程序开发者工具\resources\app\vol_modules.asar: FILE_ERROR_FAILED
[0513/170803.563:WARNING:archive.cc(145)] Opening \\?\C:\Program Files\小程序开发者工具\resources\app\globalUnpack\node_modules\babel-plugin-C:\Program Files\小程序开发者工具\resources\app\vol_modules.asar: FILE_ERROR_FAILED
[0513/170803.563:WARNING:archive.cc(145)] Opening \\?\C:\Program Files\小程序开发者工具\resources\app\globalUnpack\node_modules\babel-plugin-C:\Program Files\小程序开发者工具\resources\app\vol_modules.asar: FILE_ERROR_FAILED
[0513/170803.563:WARNING:archive.cc(145)] Opening \\?\C:\Program Files\小程序开发者工具\resources\app\vol_modules.asar\node_modules\babel-plugin-C:\Program Files\小程序开发者工具\resources\app\vol_modules.asar: FILE_ERROR_FAILED
[0513/170803.563:WARNING:archive.cc(145)] Opening \\?\C:\Program Files\小程序开发者工具\resources\app\vol_modules.asar\node_modules\babel-plugin-C:\Program Files\小程序开发者工具\resources\app\vol_modules.asar: FILE_ERROR_FAILED
[0513/170803.563:WARNING:archive.cc(145)] Opening \\?\C:\Program Files\小程序开发者工具\resources\app\vol_modules.asar\node_modules\babel-plugin-C:\Program Files\小程序开发者工具\resources\app\vol_modules.asar: FILE_ERROR_FAILED
[0513/170803.563:WARNING:archive.cc(145)] Opening \\?\C:\Program Files\小程序开发者工具\resources\app\vol_modules.asar\node_modules\babel-plugin-C:\Program Files\小程序开发者工具\resources\app\vol_modules.asar: FILE_ERROR_FAILED
[0513/170803.565:WARNING:archive.cc(145)] Opening \\?\C:\Program Files\小程序开发者工具\resources\app\vol_modules.asar\node_modules\@alipay\tiny-cli\node_modules\babel-preset-C:\Program Files\小程序开发者工具\resources\app\vol_modules.asar: FILE_ERROR_FAILED
[0513/170803.565:WARNING:archive.cc(145)] Opening \\?\C:\Program Files\小程序开发者工具\resources\app\vol_modules.asar\node_modules\@alipay\tiny-cli\node_modules\babel-preset-C:\Program Files\小程序开发者工具\resources\app\vol_modules.asar: FILE_ERROR_FAILED
[0513/170803.565:WARNING:archive.cc(145)] Opening \\?\C:\Program Files\小程序开发者工具\resources\app\vol_modules.asar\node_modules\@alipay\tiny-cli\node_modules\babel-preset-C:\Program Files\小程序开发者工具\resources\app\vol_modules.asar: FILE_ERROR_FAILED
[0513/170803.565:WARNING:archive.cc(145)] Opening \\?\C:\Program Files\小程序开发者工具\resources\app\vol_modules.asar\node_modules\@alipay\tiny-cli\node_modules\babel-preset-C:\Program Files\小程序开发者工具\resources\app\vol_modules.asar: FILE_ERROR_FAILED
[0513/170803.565:WARNING:archive.cc(145)] Opening \\?\C:\Program Files\小程序开发者工具\resources\app\vol_modules.asar\node_modules\babel-preset-C:\Program Files\小程序开发者工具\resources\app\vol_modules.asar: FILE_ERROR_FAILED
[0513/170803.565:WARNING:archive.cc(145)] Opening \\?\C:\Program Files\小程序开发者工具\resources\app\vol_modules.asar\node_modules\babel-preset-C:\Program Files\小程序开发者工具\resources\app\vol_modules.asar: FILE_ERROR_FAILED
[0513/170803.565:WARNING:archive.cc(145)] Opening \\?\C:\Program Files\小程序开发者工具\resources\app\vol_modules.asar\node_modules\babel-preset-C:\Program Files\小程序开发者工具\resources\app\vol_modules.asar: FILE_ERROR_FAILED
[0513/170803.565:WARNING:archive.cc(145)] Opening \\?\C:\Program Files\小程序开发者工具\resources\app\vol_modules.asar\node_modules\babel-preset-C:\Program Files\小程序开发者工具\resources\app\vol_modules.asar: FILE_ERROR_FAILED
[0513/170803.566:WARNING:archive.cc(145)] Opening \\?\C:\Program Files\小程序开发者工具\resources\app\globalUnpack\node_modules\babel-preset-C:\Program Files\小程序开发者工具\resources\app\vol_modules.asar: FILE_ERROR_FAILED
[0513/170803.566:WARNING:archive.cc(145)] Opening \\?\C:\Program Files\小程序开发者工具\resources\app\globalUnpack\node_modules\babel-preset-C:\Program Files\小程序开发者工具\resources\app\vol_modules.asar: FILE_ERROR_FAILED
[0513/170803.566:WARNING:archive.cc(145)] Opening \\?\C:\Program Files\小程序开发者工具\resources\app\globalUnpack\node_modules\babel-preset-C:\Program Files\小程序开发者工具\resources\app\vol_modules.asar: FILE_ERROR_FAILED
[0513/170803.566:WARNING:archive.cc(145)] Opening \\?\C:\Program Files\小程序开发者工具\resources\app\globalUnpack\node_modules\babel-preset-C:\Program Files\小程序开发者工具\resources\app\vol_modules.asar: FILE_ERROR_FAILED
[0513/170803.566:WARNING:archive.cc(145)] Opening \\?\C:\Program Files\小程序开发者工具\resources\app\vol_modules.asar\node_modules\babel-preset-C:\Program Files\小程序开发者工具\resources\app\vol_modules.asar: FILE_ERROR_FAILED
[0513/170803.566:WARNING:archive.cc(145)] Opening \\?\C:\Program Files\小程序开发者工具\resources\app\vol_modules.asar\node_modules\babel-preset-C:\Program Files\小程序开发者工具\resources\app\vol_modules.asar: FILE_ERROR_FAILED
[0513/170803.566:WARNING:archive.cc(145)] Opening \\?\C:\Program Files\小程序开发者工具\resources\app\vol_modules.asar\node_modules\babel-preset-C:\Program Files\小程序开发者工具\resources\app\vol_modules.asar: FILE_ERROR_FAILED
[0513/170803.566:WARNING:archive.cc(145)] Opening \\?\C:\Program Files\小程序开发者工具\resources\app\vol_modules.asar\node_modules\babel-preset-C:\Program Files\小程序开发者工具\resources\app\vol_modules.asar: FILE_ERROR_FAILED
[0513/170803.665:WARNING:archive.cc(145)] Opening \\?\C:\Program Files\小程序开发者工具\resources\app\vol_modules.asar\node_modules\@alipay\tiny-cli\node_modules\babel-preset-C:\Program Files\小程序开发者工具\resources\app\vol_modules.asar: FILE_ERROR_FAILED
[0513/170803.665:WARNING:archive.cc(145)] Opening \\?\C:\Program Files\小程序开发者工具\resources\app\vol_modules.asar\node_modules\@alipay\tiny-cli\node_modules\babel-preset-C:\Program Files\小程序开发者工具\resources\app\vol_modules.asar: FILE_ERROR_FAILED
[0513/170803.665:WARNING:archive.cc(145)] Opening \\?\C:\Program Files\小程序开发者工具\resources\app\vol_modules.asar\node_modules\@alipay\tiny-cli\node_modules\babel-preset-C:\Program Files\小程序开发者工具\resources\app\vol_modules.asar: FILE_ERROR_FAILED
[0513/170803.665:WARNING:archive.cc(145)] Opening \\?\C:\Program Files\小程序开发者工具\resources\app\vol_modules.asar\node_modules\@alipay\tiny-cli\node_modules\babel-preset-C:\Program Files\小程序开发者工具\resources\app\vol_modules.asar: FILE_ERROR_FAILED
[0513/170803.665:WARNING:archive.cc(145)] Opening \\?\C:\Program Files\小程序开发者工具\resources\app\vol_modules.asar\node_modules\babel-preset-C:\Program Files\小程序开发者工具\resources\app\vol_modules.asar: FILE_ERROR_FAILED
[0513/170803.665:WARNING:archive.cc(145)] Opening \\?\C:\Program Files\小程序开发者工具\resources\app\vol_modules.asar\node_modules\babel-preset-C:\Program Files\小程序开发者工具\resources\app\vol_modules.asar: FILE_ERROR_FAILED
[0513/170803.665:WARNING:archive.cc(145)] Opening \\?\C:\Program Files\小程序开发者工具\resources\app\vol_modules.asar\node_modules\babel-preset-C:\Program Files\小程序开发者工具\resources\app\vol_modules.asar: FILE_ERROR_FAILED
[0513/170803.665:WARNING:archive.cc(145)] Opening \\?\C:\Program Files\小程序开发者工具\resources\app\vol_modules.asar\node_modules\babel-preset-C:\Program Files\小程序开发者工具\resources\app\vol_modules.asar: FILE_ERROR_FAILED
[0513/170803.665:WARNING:archive.cc(145)] Opening \\?\C:\Program Files\小程序开发者工具\resources\app\globalUnpack\node_modules\babel-preset-C:\Program Files\小程序开发者工具\resources\app\vol_modules.asar: FILE_ERROR_FAILED
[0513/170803.665:WARNING:archive.cc(145)] Opening \\?\C:\Program Files\小程序开发者工具\resources\app\globalUnpack\node_modules\babel-preset-C:\Program Files\小程序开发者工具\resources\app\vol_modules.asar: FILE_ERROR_FAILED
[0513/170803.665:WARNING:archive.cc(145)] Opening \\?\C:\Program Files\小程序开发者工具\resources\app\globalUnpack\node_modules\babel-preset-C:\Program Files\小程序开发者工具\resources\app\vol_modules.asar: FILE_ERROR_FAILED
[0513/170803.665:WARNING:archive.cc(145)] Opening \\?\C:\Program Files\小程序开发者工具\resources\app\globalUnpack\node_modules\babel-preset-C:\Program Files\小程序开发者工具\resources\app\vol_modules.asar: FILE_ERROR_FAILED
[0513/170803.665:WARNING:archive.cc(145)] Opening \\?\C:\Program Files\小程序开发者工具\resources\app\vol_modules.asar\node_modules\babel-preset-C:\Program Files\小程序开发者工具\resources\app\vol_modules.asar: FILE_ERROR_FAILED
[0513/170803.666:WARNING:archive.cc(145)] Opening \\?\C:\Program Files\小程序开发者工具\resources\app\vol_modules.asar\node_modules\babel-preset-C:\Program Files\小程序开发者工具\resources\app\vol_modules.asar: FILE_ERROR_FAILED
[0513/170803.666:WARNING:archive.cc(145)] Opening \\?\C:\Program Files\小程序开发者工具\resources\app\vol_modules.asar\node_modules\babel-preset-C:\Program Files\小程序开发者工具\resources\app\vol_modules.asar: FILE_ERROR_FAILED
[0513/170803.666:WARNING:archive.cc(145)] Opening \\?\C:\Program Files\小程序开发者工具\resources\app\vol_modules.asar\node_modules\babel-preset-C:\Program Files\小程序开发者工具\resources\app\vol_modules.asar: FILE_ERROR_FAILED
[0513/170803.677:WARNING:archive.cc(145)] Opening \\?\C:\Program Files\小程序开发者工具\resources\app\vol_modules.asar\node_modules\@alipay\tiny-cli\node_modules\babel-preset-C:\Program Files\小程序开发者工具\resources\app\vol_modules.asar: FILE_ERROR_FAILED
[0513/170803.677:WARNING:archive.cc(145)] Opening \\?\C:\Program Files\小程序开发者工具\resources\app\vol_modules.asar\node_modules\@alipay\tiny-cli\node_modules\babel-preset-C:\Program Files\小程序开发者工具\resources\app\vol_modules.asar: FILE_ERROR_FAILED
[0513/170803.677:WARNING:archive.cc(145)] Opening \\?\C:\Program Files\小程序开发者工具\resources\app\vol_modules.asar\node_modules\@alipay\tiny-cli\node_modules\babel-preset-C:\Program Files\小程序开发者工具\resources\app\vol_modules.asar: FILE_ERROR_FAILED
[0513/170803.677:WARNING:archive.cc(145)] Opening \\?\C:\Program Files\小程序开发者工具\resources\app\vol_modules.asar\node_modules\@alipay\tiny-cli\node_modules\babel-preset-C:\Program Files\小程序开发者工具\resources\app\vol_modules.asar: FILE_ERROR_FAILED
[0513/170803.678:WARNING:archive.cc(145)] Opening \\?\C:\Program Files\小程序开发者工具\resources\app\vol_modules.asar\node_modules\babel-preset-C:\Program Files\小程序开发者工具\resources\app\vol_modules.asar: FILE_ERROR_FAILED
[0513/170803.678:WARNING:archive.cc(145)] Opening \\?\C:\Program Files\小程序开发者工具\resources\app\vol_modules.asar\node_modules\babel-preset-C:\Program Files\小程序开发者工具\resources\app\vol_modules.asar: FILE_ERROR_FAILED
[0513/170803.678:WARNING:archive.cc(145)] Opening \\?\C:\Program Files\小程序开发者工具\resources\app\vol_modules.asar\node_modules\babel-preset-C:\Program Files\小程序开发者工具\resources\app\vol_modules.asar: FILE_ERROR_FAILED
[0513/170803.678:WARNING:archive.cc(145)] Opening \\?\C:\Program Files\小程序开发者工具\resources\app\vol_modules.asar\node_modules\babel-preset-C:\Program Files\小程序开发者工具\resources\app\vol_modules.asar: FILE_ERROR_FAILED
[0513/170803.678:WARNING:archive.cc(145)] Opening \\?\C:\Program Files\小程序开发者工具\resources\app\globalUnpack\node_modules\babel-preset-C:\Program Files\小程序开发者工具\resources\app\vol_modules.asar: FILE_ERROR_FAILED
[0513/170803.678:WARNING:archive.cc(145)] Opening \\?\C:\Program Files\小程序开发者工具\resources\app\globalUnpack\node_modules\babel-preset-C:\Program Files\小程序开发者工具\resources\app\vol_modules.asar: FILE_ERROR_FAILED
[0513/170803.678:WARNING:archive.cc(145)] Opening \\?\C:\Program Files\小程序开发者工具\resources\app\globalUnpack\node_modules\babel-preset-C:\Program Files\小程序开发者工具\resources\app\vol_modules.asar: FILE_ERROR_FAILED
[0513/170803.678:WARNING:archive.cc(145)] Opening \\?\C:\Program Files\小程序开发者工具\resources\app\globalUnpack\node_modules\babel-preset-C:\Program Files\小程序开发者工具\resources\app\vol_modules.asar: FILE_ERROR_FAILED
[0513/170803.678:WARNING:archive.cc(145)] Opening \\?\C:\Program Files\小程序开发者工具\resources\app\vol_modules.asar\node_modules\babel-preset-C:\Program Files\小程序开发者工具\resources\app\vol_modules.asar: FILE_ERROR_FAILED
[0513/170803.678:WARNING:archive.cc(145)] Opening \\?\C:\Program Files\小程序开发者工具\resources\app\vol_modules.asar\node_modules\babel-preset-C:\Program Files\小程序开发者工具\resources\app\vol_modules.asar: FILE_ERROR_FAILED
[0513/170803.678:WARNING:archive.cc(145)] Opening \\?\C:\Program Files\小程序开发者工具\resources\app\vol_modules.asar\node_modules\babel-preset-C:\Program Files\小程序开发者工具\resources\app\vol_modules.asar: FILE_ERROR_FAILED
[0513/170803.678:WARNING:archive.cc(145)] Opening \\?\C:\Program Files\小程序开发者工具\resources\app\vol_modules.asar\node_modules\babel-preset-C:\Program Files\小程序开发者工具\resources\app\vol_modules.asar: FILE_ERROR_FAILED
